e:\github\c_code\2022\c_4_24(sort)\c_4_24(sort)\x64\debug\vc143.pdb
e:\github\c_code\2022\c_4_24(sort)\c_4_24(sort)\x64\debug\vc143.idb
e:\github\c_code\2022\c_4_24(sort)\c_4_24(sort)\x64\debug\test.obj
e:\github\c_code\2022\c_4_24(sort)\c_4_24(sort)\x64\debug\stack.obj
e:\github\c_code\2022\c_4_24(sort)\x64\debug\c_4_24(sort).pdb
e:\github\c_code\2022\c_4_24(sort)\c_4_24(sort)\x64\debug\c_4_24(sort).tlog\cl.command.1.tlog
e:\github\c_code\2022\c_4_24(sort)\c_4_24(sort)\x64\debug\c_4_24(sort).tlog\cl.read.1.tlog
e:\github\c_code\2022\c_4_24(sort)\c_4_24(sort)\x64\debug\c_4_24(sort).tlog\cl.write.1.tlog
e:\github\c_code\2022\c_4_24(sort)\c_4_24(sort)\x64\debug\c_4_24(sort).tlog\link-cvtres.read.1.tlog
e:\github\c_code\2022\c_4_24(sort)\c_4_24(sort)\x64\debug\c_4_24(sort).tlog\link-cvtres.write.1.tlog
e:\github\c_code\2022\c_4_24(sort)\c_4_24(sort)\x64\debug\c_4_24(sort).tlog\link-rc.read.1.tlog
e:\github\c_code\2022\c_4_24(sort)\c_4_24(sort)\x64\debug\c_4_24(sort).tlog\link-rc.write.1.tlog
e:\github\c_code\2022\c_4_24(sort)\c_4_24(sort)\x64\debug\c_4_24(sort).tlog\link.21220-cvtres.read.1.tlog
e:\github\c_code\2022\c_4_24(sort)\c_4_24(sort)\x64\debug\c_4_24(sort).tlog\link.21220-cvtres.write.1.tlog
e:\github\c_code\2022\c_4_24(sort)\c_4_24(sort)\x64\debug\c_4_24(sort).tlog\link.21220-rc.read.1.tlog
e:\github\c_code\2022\c_4_24(sort)\c_4_24(sort)\x64\debug\c_4_24(sort).tlog\link.21220-rc.write.1.tlog
e:\github\c_code\2022\c_4_24(sort)\c_4_24(sort)\x64\debug\c_4_24(sort).tlog\link.21220.read.1.tlog
e:\github\c_code\2022\c_4_24(sort)\c_4_24(sort)\x64\debug\c_4_24(sort).tlog\link.21220.read.2.tlog
e:\github\c_code\2022\c_4_24(sort)\c_4_24(sort)\x64\debug\c_4_24(sort).tlog\link.21220.write.1.tlog
e:\github\c_code\2022\c_4_24(sort)\c_4_24(sort)\x64\debug\c_4_24(sort).tlog\link.command.1.tlog
e:\github\c_code\2022\c_4_24(sort)\c_4_24(sort)\x64\debug\c_4_24(sort).tlog\link.read.1.tlog
e:\github\c_code\2022\c_4_24(sort)\c_4_24(sort)\x64\debug\c_4_24(sort).tlog\link.read.2.tlog
e:\github\c_code\2022\c_4_24(sort)\c_4_24(sort)\x64\debug\c_4_24(sort).tlog\link.write.1.tlog
